e:\nhom5\phanso\x64\debug\vc143.pdb
e:\nhom5\phanso\x64\debug\vc143.idb
e:\nhom5\phanso\x64\debug\main.obj
e:\nhom5\phanso\x64\debug\source.obj
e:\nhom5\phanso\x64\debug\phanso.exe
e:\nhom5\phanso\x64\debug\phanso.ilk
e:\nhom5\phanso\x64\debug\phanso.pdb
e:\nhom5\phanso\x64\debug\main.obj.enc
e:\nhom5\phanso\x64\debug\source.obj.enc
e:\nhom5\phanso\x64\debug\nativecodeanalysis.read.1.tlog
e:\nhom5\phanso\x64\debug\main.nativecodeanalysis.xml
e:\nhom5\phanso\x64\debug\source.nativecodeanalysis.xml
e:\nhom5\phanso\x64\debug\vc.nativecodeanalysis.all.xml
e:\nhom5\phanso\x64\debug\phanso.tlog\cl.command.1.tlog
e:\nhom5\phanso\x64\debug\phanso.tlog\cl.items.tlog
e:\nhom5\phanso\x64\debug\phanso.tlog\cl.read.1.tlog
e:\nhom5\phanso\x64\debug\phanso.tlog\cl.write.1.tlog
e:\nhom5\phanso\x64\debug\phanso.tlog\link.command.1.tlog
e:\nhom5\phanso\x64\debug\phanso.tlog\link.read.1.tlog
e:\nhom5\phanso\x64\debug\phanso.tlog\link.write.1.tlog
